1: //&T-
2: Array;
3: 
4: // integer, real, boolean, string
5: 
6: begin
7: var a: array 1 to 10 of integer;
8: var b: array 100 to 200 of real;
9: var c: array 1 to 1000 of boolean;
10: var d: array 99 to 99 of string;
11: 
12: begin
13:     var e: array 1 to 8 of array 1 to 7 of integer;
14:     var f: array 101 to 200 of array 301 to 500 of array 10001 to 10300 of real;
15:     var g: array 1000 to 1000 of array 1000 to 1000 of array 1000 to 1000 of array 1000 to 1000 of array 1000 to 1000 of array 1000 to 1000 of array 1000 to 1000 of integer;
==============================================================================================================
Name                             Kind       Level      Type             Attribute  
--------------------------------------------------------------------------------------------------------------
e                                variable   2(local)   integer [8][7]   
f                                variable   2(local)   real [100][200][300]
g                                variable   2(local)   integer [1][1][1][1][1][1][1]
--------------------------------------------------------------------------------------------------------------
16: end
17: begin
18:     var h,i: array 1 to 8 of string;
19:     var k,l,m,n: array 101 to 200 of array 301 to 500 of array 10001 to 10300 of real;
==============================================================================================================
Name                             Kind       Level      Type             Attribute  
--------------------------------------------------------------------------------------------------------------
h                                variable   2(local)   string [8]       
i                                variable   2(local)   string [8]       
k                                variable   2(local)   real [100][200][300]
l                                variable   2(local)   real [100][200][300]
m                                variable   2(local)   real [100][200][300]
n                                variable   2(local)   real [100][200][300]
--------------------------------------------------------------------------------------------------------------
20: end
==============================================================================================================
Name                             Kind       Level      Type             Attribute  
--------------------------------------------------------------------------------------------------------------
a                                variable   1(local)   integer [10]     
b                                variable   1(local)   real [101]       
c                                variable   1(local)   boolean [1000]   
d                                variable   1(local)   string [1]       
--------------------------------------------------------------------------------------------------------------
21: end
==============================================================================================================
Name                             Kind       Level      Type             Attribute  
--------------------------------------------------------------------------------------------------------------
Array                            program    0(global)  void             
--------------------------------------------------------------------------------------------------------------
22: end Array
