1: /**
2:  * basic_sym.p : basic symbol table info. dump check
3:  * You should pass this pattern
4:  */
5: //&T-
6: basicSym;
7: 
8: var a,b : integer;
9: var c : boolean;
10: var d : string;
11: var r : real;
12: var e : array 1 to 10 of integer;
13: var f : array 1 to 5 of array 1 to 5 of integer;
14: var ee : array 1 to 10 of boolean;
15: var ff : array 1 to 5 of array 1 to 5 of boolean;
16: var rr : array 3 to 5 of array 5 to 7 of real;
17: var g : 10;
18: var h : "bye~";
19: var i : true;
2.560000
20: var k : 2.56;
21: 
22: // function without param and return type
23: fun();
24: begin
25: 
==============================================================================================================
Name                             Kind       Level      Type             Attribute  
--------------------------------------------------------------------------------------------------------------
--------------------------------------------------------------------------------------------------------------
26: end 
27: end fun
28: 
29: // function with param, no return type
30: fun2( a,b:integer );
31: begin
32: 
==============================================================================================================
Name                             Kind       Level      Type             Attribute  
--------------------------------------------------------------------------------------------------------------
a                                parameter  1(local)   integer          
b                                parameter  1(local)   integer          
--------------------------------------------------------------------------------------------------------------
33: end
34: end fun2
35: 
36: // function with return type, no param
37: fun3() : boolean;
38: begin
39:     return true;
==============================================================================================================
Name                             Kind       Level      Type             Attribute  
--------------------------------------------------------------------------------------------------------------
--------------------------------------------------------------------------------------------------------------
40: end
41: end fun3
42: 
43: // function with param and return type
44: 
45: fun4( a,b,c:boolean ) : boolean;
46: begin
47:     return false;
==============================================================================================================
Name                             Kind       Level      Type             Attribute  
--------------------------------------------------------------------------------------------------------------
a                                parameter  1(local)   boolean          
b                                parameter  1(local)   boolean          
c                                parameter  1(local)   boolean          
--------------------------------------------------------------------------------------------------------------
48: end
49: end fun4
50: 
51: // main program
52: begin
53:    var aaa : integer;
54:    var bbb : boolean;
55:    var ccc : string;
56:    var rrr : real;
57:    var ddd : array 1 to 10 of integer;
58:    var eee : array 1 to 5 of array 1 to 5 of boolean;
59:    var ttt : array 2 to 3 of array 5 to 10 of array 1 to 5 of real;
60:    var fff : 123;
61:    var ggg : true;
62:    var hhh : "hello\n";
2.860000
63:    var iii : 2.86;
64:    // without statement
==============================================================================================================
Name                             Kind       Level      Type             Attribute  
--------------------------------------------------------------------------------------------------------------
aaa                              variable   1(local)   integer          
bbb                              variable   1(local)   boolean          
ccc                              variable   1(local)   string           
rrr                              variable   1(local)   real             
ddd                              variable   1(local)   integer [10]     
eee                              variable   1(local)   boolean [5][5]   
ttt                              variable   1(local)   real [2][6][5]   
fff                              constant   1(local)   integer          123
ggg                              constant   1(local)   boolean          true
hhh                              constant   1(local)   string           "hello\n"
iii                              constant   1(local)   real             2.860000
--------------------------------------------------------------------------------------------------------------
65: end
==============================================================================================================
Name                             Kind       Level      Type             Attribute  
--------------------------------------------------------------------------------------------------------------
basicSym                         program    0(global)  void             
a                                variable   0(global)  integer          
b                                variable   0(global)  integer          
c                                variable   0(global)  boolean          
d                                variable   0(global)  string           
r                                variable   0(global)  real             
e                                variable   0(global)  integer [10]     
f                                variable   0(global)  integer [5][5]   
ee                               variable   0(global)  boolean [10]     
ff                               variable   0(global)  boolean [5][5]   
rr                               variable   0(global)  real [3][3]      
g                                constant   0(global)  integer          10
h                                constant   0(global)  string           "bye~"
i                                constant   0(global)  boolean          true
k                                constant   0(global)  real             2.560000
fun                              function   0(global)  void             
fun2                             function   0(global)  void             integer, integer
fun3                             function   0(global)  boolean          
fun4                             function   0(global)  boolean          boolean, boolean, boolean
--------------------------------------------------------------------------------------------------------------
66: end basicSym
67: 
