1: //&T-
2: Constant;
3: 
4: 
5: // var identifier list: literal constant;
6: // where literal constant is a constant of the proper type (e.g. an integer literal, string literal, true, or false)
7: 
8: begin
9: begin
10:     /* integer */
11:     var a,a1,a2,a4: 100;
12:     var b: 0;
13:     var b1: 010;
14:     var b2: 0000777777;
==============================================================================================================
Name                             Kind       Level      Type             Attribute  
--------------------------------------------------------------------------------------------------------------
a                                constant   2(local)   integer          100
a1                               constant   2(local)   integer          100
a2                               constant   2(local)   integer          100
a4                               constant   2(local)   integer          100
b                                constant   2(local)   integer          0
b1                               constant   2(local)   integer          8
b2                               constant   2(local)   integer          262143
--------------------------------------------------------------------------------------------------------------
15: end
16: begin
17:     /* String */
18:     var c:"Constant string";
19:     var d:"escape "" symbol ";
20:     var d1:"newline\n";
==============================================================================================================
Name                             Kind       Level      Type             Attribute  
--------------------------------------------------------------------------------------------------------------
c                                constant   2(local)   string           "Constant string"
d                                constant   2(local)   string           "escape " symbol "
d1                               constant   2(local)   string           "newline\n"
--------------------------------------------------------------------------------------------------------------
21: end
22: 
23: begin
24:     /* boolean */
25:     var e,e1,e2,e3,e4,e5,e6,e7,e8: true;
26:     var f: false;
==============================================================================================================
Name                             Kind       Level      Type             Attribute  
--------------------------------------------------------------------------------------------------------------
e                                constant   2(local)   boolean          true
e1                               constant   2(local)   boolean          true
e2                               constant   2(local)   boolean          true
e3                               constant   2(local)   boolean          true
e4                               constant   2(local)   boolean          true
e5                               constant   2(local)   boolean          true
e6                               constant   2(local)   boolean          true
e7                               constant   2(local)   boolean          true
e8                               constant   2(local)   boolean          true
f                                constant   2(local)   boolean          false
--------------------------------------------------------------------------------------------------------------
27: end
28: 
29: begin
30:     /* float scient */
0.001000
31:     var g: 0.001;
87.870000
32:     var h: 87.87;
2017110.000000
33:     var i: 2017.11E3;
1.000000
34:     var j: 100000e-5;
==============================================================================================================
Name                             Kind       Level      Type             Attribute  
--------------------------------------------------------------------------------------------------------------
g                                constant   2(local)   real             0.001000
h                                constant   2(local)   real             87.870000
i                                constant   2(local)   real             2017110.000000
j                                constant   2(local)   real             1.000000
--------------------------------------------------------------------------------------------------------------
35: end
36: 
==============================================================================================================
Name                             Kind       Level      Type             Attribute  
--------------------------------------------------------------------------------------------------------------
--------------------------------------------------------------------------------------------------------------
37: end
==============================================================================================================
Name                             Kind       Level      Type             Attribute  
--------------------------------------------------------------------------------------------------------------
Constant                         program    0(global)  void             
--------------------------------------------------------------------------------------------------------------
38: end Constant
