1: //&T-
2: error;
3: 
4: func1(p1:string;p2:array 99 to 100 of integer):array 1 to 10 of real;
5: begin
<Error> found in Line 6: symbol 'p1' is redeclared
6:     var p1:boolean;  // error redeclare
==============================================================================================================
Name                             Kind       Level      Type             Attribute  
--------------------------------------------------------------------------------------------------------------
p1                               parameter  1(local)   string           
p2                               parameter  1(local)   integer [2]      
--------------------------------------------------------------------------------------------------------------
7: end
8: end func1
9: 
<Error> found in Line 10: symbol 'func1' is redeclared
10: func1():string;  // error redeclare
11: begin
==============================================================================================================
Name                             Kind       Level      Type             Attribute  
--------------------------------------------------------------------------------------------------------------
--------------------------------------------------------------------------------------------------------------
12: end
13: end func1
14: 
15: 
16: 
17: begin
18:     var a:integer;
<Error> found in Line 19: symbol 'a' is redeclared
19:     var a:boolean;   // error redeclare
20: 
21:     var bbbbbbbbbbbbbbbbbbbbbbbbbbbbbbbb : boolean;
<Error> found in Line 22: symbol 'bbbbbbbbbbbbbbbbbbbbbbbbbbbbbbbb' is redeclared
22:     var bbbbbbbbbbbbbbbbbbbbbbbbbbbbbbbbExtraCharIsUseless:string;
23: 
24:     begin
25:         var a:string;
==============================================================================================================
Name                             Kind       Level      Type             Attribute  
--------------------------------------------------------------------------------------------------------------
a                                variable   2(local)   string           
--------------------------------------------------------------------------------------------------------------
26:     end
27: 
28:     for i:=1 to 10 do
29:     begin
30:         var i : integer;       // error redeclare
31:         for i:=2 to 3 do      // error same iterator
32:             a:=3;
==============================================================================================================
Name                             Kind       Level      Type             Attribute  
--------------------------------------------------------------------------------------------------------------
i                                loop_var   4(local)   integer          
--------------------------------------------------------------------------------------------------------------
33:         end do
==============================================================================================================
Name                             Kind       Level      Type             Attribute  
--------------------------------------------------------------------------------------------------------------
i                                variable   3(local)   integer          
--------------------------------------------------------------------------------------------------------------
34:     end
==============================================================================================================
Name                             Kind       Level      Type             Attribute  
--------------------------------------------------------------------------------------------------------------
i                                loop_var   2(local)   integer          
--------------------------------------------------------------------------------------------------------------
35:     end do
36: 
==============================================================================================================
Name                             Kind       Level      Type             Attribute  
--------------------------------------------------------------------------------------------------------------
a                                variable   1(local)   integer          
bbbbbbbbbbbbbbbbbbbbbbbbbbbbbbbb variable   1(local)   boolean          
--------------------------------------------------------------------------------------------------------------
37: end
==============================================================================================================
Name                             Kind       Level      Type             Attribute  
--------------------------------------------------------------------------------------------------------------
error                            program    0(global)  void             
func1                            function   0(global)  real [10]        string, integer [2]
--------------------------------------------------------------------------------------------------------------
38: end error
