1: /**
2:  * basic_sym.p : basic symbol table info. dump check
3:  * You should pass this pattern
4:  */
5: //&T-
6: optD;
7: 
8: var a: integer;
9: var b: integer;
10: 
11: begin
12:     var c: integer;
13:         begin
14:             var d: integer;
==============================================================================================================
Name                             Kind       Level      Type             Attribute  
--------------------------------------------------------------------------------------------------------------
d                                variable   2(local)   integer          
--------------------------------------------------------------------------------------------------------------
15:         end
16:   //&D-
17:         begin
18: //&D-
19:             var e: integer;
20:         end
21:     //&D+
22:         begin
23:             var f: integer;
==============================================================================================================
Name                             Kind       Level      Type             Attribute  
--------------------------------------------------------------------------------------------------------------
f                                variable   2(local)   integer          
--------------------------------------------------------------------------------------------------------------
24:         end
25:         begin
26:             var g: integer;
==============================================================================================================
Name                             Kind       Level      Type             Attribute  
--------------------------------------------------------------------------------------------------------------
g                                variable   2(local)   integer          
--------------------------------------------------------------------------------------------------------------
27:         end
28:     //&D+
29:         begin
30:             var h: integer;
==============================================================================================================
Name                             Kind       Level      Type             Attribute  
--------------------------------------------------------------------------------------------------------------
h                                variable   2(local)   integer          
--------------------------------------------------------------------------------------------------------------
31:         end
32:     //&D-
33: end
34: end optD
35: 
