1: 
2: //&T-
3: Var;
4: begin
5: 
6: // integer, real, boolean, string
7: 
8: var a: integer;
9: var b: real;
10: var c:   boolean;
11: var d: string;
12: 
13: begin
14: 
15:     var e,f,g: integer;
16:     var h,i,j: real;
17:     var k,l,m:   boolean;
18:     var n,p,q: string;
19:     e := 1;
20:     print c;
==============================================================================================================
Name                             Kind       Level      Type             Attribute  
--------------------------------------------------------------------------------------------------------------
e                                variable   2(local)   integer          
f                                variable   2(local)   integer          
g                                variable   2(local)   integer          
h                                variable   2(local)   real             
i                                variable   2(local)   real             
j                                variable   2(local)   real             
k                                variable   2(local)   boolean          
l                                variable   2(local)   boolean          
m                                variable   2(local)   boolean          
n                                variable   2(local)   string           
p                                variable   2(local)   string           
q                                variable   2(local)   string           
--------------------------------------------------------------------------------------------------------------
21: end
22: 
23: print a;
24: print d;
25: 
==============================================================================================================
Name                             Kind       Level      Type             Attribute  
--------------------------------------------------------------------------------------------------------------
a                                variable   1(local)   integer          
b                                variable   1(local)   real             
c                                variable   1(local)   boolean          
d                                variable   1(local)   string           
--------------------------------------------------------------------------------------------------------------
26: end
==============================================================================================================
Name                             Kind       Level      Type             Attribute  
--------------------------------------------------------------------------------------------------------------
Var                              program    0(global)  void             
--------------------------------------------------------------------------------------------------------------
27: end Var
